<?xml version="1.0" encoding="UTF-8"?>
<!-- Generated by org.testng.reporters.JUnitReportReporter -->
<testsuite skipped="0" hostname="LAPTOP-TJKKK52O" name="com.test.rest.GetPlaceAPI" tests="1" failures="0" timestamp="2021-05-22T21:51:34 IST" time="4.563" errors="0">
  <testcase name="get_Place" time="4.563" classname="com.test.rest.GetPlaceAPI"/>
  <system-out/>
</testsuite> <!-- com.test.rest.GetPlaceAPI -->
