<?xml version="1.0" encoding="UTF-8"?>
<!-- Generated by org.testng.reporters.JUnitReportReporter -->
<testsuite skipped="0" hostname="LAPTOP-TJKKK52O" name="com.test.rest.TestMockingAPI" tests="1" failures="0" timestamp="2021-05-13T21:15:40 IST" time="7.582" errors="0">
  <testcase name="validate_ArrayResponse" time="7.582" classname="com.test.rest.TestMockingAPI"/>
  <system-out/>
</testsuite> <!-- com.test.rest.TestMockingAPI -->
