<?xml version="1.0" encoding="UTF-8"?>
<!-- Generated by org.testng.reporters.JUnitReportReporter -->
<testsuite skipped="0" hostname="LAPTOP-TJKKK52O" name="com.test.rest.GetFirstUserArray" tests="1" failures="0" timestamp="2021-05-25T10:50:34 IST" time="4.243" errors="0">
  <testcase name="get_ArrayResponse" time="4.243" classname="com.test.rest.GetFirstUserArray"/>
  <system-out/>
</testsuite> <!-- com.test.rest.GetFirstUserArray -->
