<?xml version="1.0" encoding="UTF-8"?>
<!-- Generated by org.testng.reporters.JUnitReportReporter -->
<testsuite skipped="0" hostname="LAPTOP-TJKKK52O" name="com.test.rest.TestMockingAPI" tests="1" failures="0" timestamp="2021-05-13T19:37:32 IST" time="2.172" errors="0">
  <testcase name="validate_ArrayResponse" time="2.172" classname="com.test.rest.TestMockingAPI"/>
  <system-out/>
</testsuite> <!-- com.test.rest.TestMockingAPI -->
