<?xml version="1.0" encoding="UTF-8"?>
<!-- Generated by org.testng.reporters.JUnitReportReporter -->
<testsuite skipped="0" hostname="LAPTOP-TJKKK52O" name="com.test.rest.UseTestNG" tests="2" failures="0" timestamp="2021-05-13T14:14:57 IST" time="7.551" errors="0">
  <testcase name="add_Place" time="4.741" classname="com.test.rest.UseTestNG"/>
  <system-out/>
  <testcase name="delete_Place" time="2.810" classname="com.test.rest.UseTestNG"/>
  <system-out/>
</testsuite> <!-- com.test.rest.UseTestNG -->
