<?xml version="1.0" encoding="UTF-8"?>
<!-- Generated by org.testng.reporters.JUnitReportReporter -->
<testsuite skipped="1" hostname="LAPTOP-TJKKK52O" name="com.test.rest.TestMyAPI" tests="4" failures="0" timestamp="2021-05-01T18:45:06 IST" time="8.963" errors="0">
  <testcase name="postUserDetails" time="1.501" classname="com.test.rest.TestMyAPI"/>
  <system-out/>
  <testcase name="deleteUser" time="5.632" classname="com.test.rest.TestMyAPI"/>
  <system-out/>
  <testcase name="getUserDetails" time="1.830" classname="com.test.rest.TestMyAPI"/>
  <system-out/>
  <testcase name="secPOST" classname="com.test.rest.TestMyAPI">
    <skipped/>
  </testcase> <!-- secPOST -->
  <system-out/>
</testsuite> <!-- com.test.rest.TestMyAPI -->
